<?xml version="1.0" encoding="UTF-8"?>
<testng-results ignored="0" total="1" passed="1" failed="0" skipped="0">
  <reporter-output>
  </reporter-output>
  <suite started-at="2022-03-20T10:19:46 IST" name="Default suite" finished-at="2022-03-20T10:20:13 IST" duration-ms="27787">
    <groups>
    </groups>
    <test started-at="2022-03-20T10:19:46 IST" name="Default test" finished-at="2022-03-20T10:20:13 IST" duration-ms="27787">
      <class name="com.Skillrary.Ecommerce.Testcase1">
        <test-method is-config="true" signature="configBS()[pri:0, instance:com.Skillrary.Ecommerce.Testcase1@3e6ef8ad]" started-at="2022-03-20T10:19:44 IST" name="configBS" finished-at="2022-03-20T10:19:46 IST" duration-ms="1805" status="PASS">
          <reporter-output>
          </reporter-output>
        </test-method> <!-- configBS -->
        <test-method is-config="true" signature="openApp()[pri:0, instance:com.Skillrary.Ecommerce.Testcase1@3e6ef8ad]" started-at="2022-03-20T10:19:46 IST" name="openApp" finished-at="2022-03-20T10:19:53 IST" duration-ms="7791" status="PASS">
          <reporter-output>
          </reporter-output>
        </test-method> <!-- openApp -->
        <test-method signature="tc1()[pri:0, instance:com.Skillrary.Ecommerce.Testcase1@3e6ef8ad]" started-at="2022-03-20T10:19:53 IST" name="tc1" finished-at="2022-03-20T10:20:11 IST" duration-ms="18003" status="PASS">
          <reporter-output>
          </reporter-output>
        </test-method> <!-- tc1 -->
        <test-method is-config="true" signature="closeApp(org.testng.ITestResult)[pri:0, instance:com.Skillrary.Ecommerce.Testcase1@3e6ef8ad]" started-at="2022-03-20T10:20:12 IST" name="closeApp" finished-at="2022-03-20T10:20:13 IST" duration-ms="1879" status="PASS">
          <params>
            <param index="0">
              <value>
                <![CDATA[[TestResult name=tc1 status=SUCCESS method=Testcase1.tc1()[pri:0, instance:com.Skillrary.Ecommerce.Testcase1@3e6ef8ad] output={null}]]]>
              </value>
            </param>
          </params>
          <reporter-output>
          </reporter-output>
        </test-method> <!-- closeApp -->
        <test-method is-config="true" signature="configAS()[pri:0, instance:com.Skillrary.Ecommerce.Testcase1@3e6ef8ad]" started-at="2022-03-20T10:20:13 IST" name="configAS" finished-at="2022-03-20T10:20:14 IST" duration-ms="780" status="PASS">
          <reporter-output>
          </reporter-output>
        </test-method> <!-- configAS -->
      </class> <!-- com.Skillrary.Ecommerce.Testcase1 -->
    </test> <!-- Default test -->
  </suite> <!-- Default suite -->
</testng-results>
